<?xml version="1.0" encoding="UTF-8"?>
<!-- Generated by org.testng.reporters.JUnitReportReporter -->
<testsuite hostname="DESKTOP-5EVM3C9" failures="0" tests="2" name="com.leaftaps.testcases.TC001_CreateLead" time="47.252" errors="0" timestamp="2020-07-18T18:15:27 IST" skipped="0">
  <testcase classname="com.leaftaps.testcases.TC001_CreateLead" name="runCreateLead" time="25.378"/>
  <testcase classname="com.leaftaps.testcases.TC001_CreateLead" name="runCreateLead" time="21.874"/>
</testsuite> <!-- com.leaftaps.testcases.TC001_CreateLead -->
