<?xml version="1.0" encoding="UTF-8"?>
<!-- Generated by org.testng.reporters.JUnitReportReporter -->
<testsuite hostname="DESKTOP-5EVM3C9" failures="0" tests="2" name="com.leaftaps.testcases.TC001_CreateLead" time="81.067" errors="0" timestamp="2020-07-19T15:40:25 IST" skipped="0">
  <testcase classname="com.leaftaps.testcases.TC001_CreateLead" name="runCreateLead" time="44.887"/>
  <testcase classname="com.leaftaps.testcases.TC001_CreateLead" name="runCreateLead" time="36.180"/>
</testsuite> <!-- com.leaftaps.testcases.TC001_CreateLead -->
