<?xml version="1.0" encoding="UTF-8"?>
<!-- Generated by org.testng.reporters.JUnitReportReporter -->
<testsuite hostname="DESKTOP-5EVM3C9" failures="0" tests="2" name="com.leaftaps.testcases.TC002_Login" time="24.754" errors="0" timestamp="2020-07-19T15:40:25 IST" skipped="0">
  <testcase classname="com.leaftaps.testcases.TC002_Login" name="runTC002" time="14.887"/>
  <testcase classname="com.leaftaps.testcases.TC002_Login" name="runTC002" time="9.867"/>
</testsuite> <!-- com.leaftaps.testcases.TC002_Login -->
