<?xml version="1.0" encoding="UTF-8"?>
<!-- Generated by org.testng.reporters.JUnitReportReporter -->
<testsuite skipped="0" hostname="DESKTOP-U8UDBFC" name="com.leafBot.testcases.TC002_LoginForFailure" tests="4" failures="0" timestamp="10 Mar 2020 04:24:57 GMT" time="66.132" errors="0">
  <testcase name="createLeaf" time="14.336" classname="com.leafBot.testcases.TC002_LoginForFailure"/>
  <testcase name="createLeaf" time="15.544" classname="com.leafBot.testcases.TC002_LoginForFailure"/>
  <testcase name="createLeaf" time="14.035" classname="com.leafBot.testcases.TC002_LoginForFailure"/>
  <testcase name="createLeaf" time="22.217" classname="com.leafBot.testcases.TC002_LoginForFailure"/>
</testsuite> <!-- com.leafBot.testcases.TC002_LoginForFailure -->
