<?xml version="1.0" encoding="UTF-8"?>
<!-- Generated by org.testng.reporters.JUnitReportReporter -->
<testsuite skipped="0" hostname="DESKTOP-U8UDBFC" name="dummy.LearnTestng" tests="4" failures="0" timestamp="22 Mar 2020 06:23:26 GMT" time="0.028" errors="0">
  <testcase name="mergeLead" time="0.004" classname="dummy.LearnTestng"/>
  <testcase name="editLead" time="0.004" classname="dummy.LearnTestng"/>
  <testcase name="createLead" time="0.016" classname="dummy.LearnTestng"/>
  <testcase name="deleteLead" time="0.004" classname="dummy.LearnTestng"/>
</testsuite> <!-- dummy.LearnTestng -->
