<?xml version="1.0" encoding="UTF-8"?>
<!-- Generated by org.testng.reporters.JUnitReportReporter -->
<testsuite hostname="DESKTOP-5EVM3C9" failures="0" tests="3" name="com.leafBot.testcases.TC001_LoginLogOut" time="40.968" errors="0" timestamp="26 Jul 2020 10:56:55 GMT" skipped="0">
  <testcase classname="com.leafBot.testcases.TC001_LoginLogOut" name="createLeaf" time="10.326"/>
  <testcase classname="com.leafBot.testcases.TC001_LoginLogOut" name="createLeaf" time="14.554"/>
  <testcase classname="com.leafBot.testcases.TC001_LoginLogOut" name="createLeaf" time="16.088"/>
</testsuite> <!-- com.leafBot.testcases.TC001_LoginLogOut -->
