<?xml version="1.0" encoding="UTF-8"?>
<!-- Generated by org.testng.reporters.JUnitReportReporter -->
<testsuite hostname="DESKTOP-5EVM3C9" failures="0" tests="4" name="com.leafBot.testcases.TC002_LoginForFailure" time="52.229" errors="0" timestamp="26 Jul 2020 10:56:55 GMT" skipped="0">
  <testcase classname="com.leafBot.testcases.TC002_LoginForFailure" name="createLeaf" time="10.395"/>
  <testcase classname="com.leafBot.testcases.TC002_LoginForFailure" name="createLeaf" time="9.747"/>
  <testcase classname="com.leafBot.testcases.TC002_LoginForFailure" name="createLeaf" time="15.924"/>
  <testcase classname="com.leafBot.testcases.TC002_LoginForFailure" name="createLeaf" time="16.163"/>
</testsuite> <!-- com.leafBot.testcases.TC002_LoginForFailure -->
