<?xml version="1.0" encoding="UTF-8"?>
<!-- Generated by org.testng.reporters.JUnitReportReporter -->
<testsuite skipped="0" hostname="DESKTOP-U8UDBFC" name="com.leafBot.testcases.RunLogin" tests="2" failures="0" timestamp="20 Jun 2020 12:56:02 GMT" time="24.772" errors="0">
  <testcase name="runScenario" time="9.922" classname="com.leafBot.testcases.RunLogin"/>
  <testcase name="runScenario" time="14.850" classname="com.leafBot.testcases.RunLogin"/>
</testsuite> <!-- com.leafBot.testcases.RunLogin -->
