<?xml version="1.0" encoding="UTF-8"?>
<!-- Generated by org.testng.reporters.JUnitReportReporter -->
<testsuite skipped="0" hostname="DESKTOP-U8UDBFC" name="com.leafBot.testcases.TC001_LoginAndLogout" tests="3" failures="0" timestamp="22 Mar 2020 04:25:30 GMT" time="40.478" errors="0">
  <testcase name="loginLogout" time="13.941" classname="com.leafBot.testcases.TC001_LoginAndLogout"/>
  <testcase name="loginLogout" time="13.436" classname="com.leafBot.testcases.TC001_LoginAndLogout"/>
  <testcase name="loginLogout" time="13.101" classname="com.leafBot.testcases.TC001_LoginAndLogout"/>
</testsuite> <!-- com.leafBot.testcases.TC001_LoginAndLogout -->
