<?xml version="1.0" encoding="UTF-8"?>
<!-- Generated by org.testng.reporters.JUnitReportReporter -->
<testsuite skipped="0" hostname="DESKTOP-U8UDBFC" name="com.leafBot.testcases.TC001_LoginLogOut" tests="3" failures="0" timestamp="10 Mar 2020 04:24:57 GMT" time="54.665" errors="0">
  <testcase name="createLeaf" time="22.915" classname="com.leafBot.testcases.TC001_LoginLogOut"/>
  <testcase name="createLeaf" time="16.080" classname="com.leafBot.testcases.TC001_LoginLogOut"/>
  <testcase name="createLeaf" time="15.670" classname="com.leafBot.testcases.TC001_LoginLogOut"/>
</testsuite> <!-- com.leafBot.testcases.TC001_LoginLogOut -->
