<?xml version="1.0" encoding="UTF-8"?>
<!-- Generated by org.testng.reporters.JUnitReportReporter -->
<testsuite skipped="0" hostname="DESKTOP-U8UDBFC" name="com.leafBot.testcases.TC001_Create" tests="1" failures="0" timestamp="10 Mar 2020 09:05:50 GMT" time="21.097" errors="0">
  <testcase name="createAccount" time="21.097" classname="com.leafBot.testcases.TC001_Create"/>
</testsuite> <!-- com.leafBot.testcases.TC001_Create -->
